Flow report for GreenBean
Mon Jun 01 10:51:57 2020
Quartus Prime Version 16.1.2 Build 203 01/18/2017 SJ Lite Edition


---------------------
; Table of Contents ;
---------------------
  1. Legal Notice
  2. Flow Summary
  3. Flow Settings
  4. Flow Non-Default Global Settings
  5. Flow Elapsed Time
  6. Flow OS Summary
  7. Flow Log
  8. Flow Messages
  9. Flow Suppressed Messages



----------------
; Legal Notice ;
----------------
Copyright (C) 2017  Intel Corporation. All rights reserved.
Your use of Intel Corporation's design tools, logic functions 
and other software and tools, and its AMPP partner logic 
functions, and any output files from any of the foregoing 
(including device programming or simulation files), and any 
associated documentation or information are expressly subject 
to the terms and conditions of the Intel Program License 
Subscription Agreement, the Intel Quartus Prime License Agreement,
the Intel MegaCore Function License Agreement, or other 
applicable license agreement, including, without limitation, 
that your use is for the sole purpose of programming logic 
devices manufactured by Intel and sold by Intel or its 
authorized distributors.  Please refer to the applicable 
agreement for further details.



+----------------------------------------------------------------------------------+
; Flow Summary                                                                     ;
+------------------------------------+---------------------------------------------+
; Flow Status                        ; Successful - Mon Jun 01 10:51:46 2020       ;
; Quartus Prime Version              ; 16.1.2 Build 203 01/18/2017 SJ Lite Edition ;
; Revision Name                      ; GreenBean                                   ;
; Top-level Entity Name              ; GreenBean                                   ;
; Family                             ; Cyclone IV E                                ;
; Device                             ; EP4CE115F29C7                               ;
; Timing Models                      ; Final                                       ;
; Total logic elements               ; 16,257 / 114,480 ( 14 % )                   ;
;     Total combinational functions  ; 14,394 / 114,480 ( 13 % )                   ;
;     Dedicated logic registers      ; 9,541 / 114,480 ( 8 % )                     ;
; Total registers                    ; 9660                                        ;
; Total pins                         ; 194 / 529 ( 37 % )                          ;
; Total virtual pins                 ; 0                                           ;
; Total memory bits                  ; 671,289 / 3,981,312 ( 17 % )                ;
; Embedded Multiplier 9-bit elements ; 13 / 532 ( 2 % )                            ;
; Total PLLs                         ; 1 / 4 ( 25 % )                              ;
+------------------------------------+---------------------------------------------+


+-----------------------------------------+
; Flow Settings                           ;
+-------------------+---------------------+
; Option            ; Setting             ;
+-------------------+---------------------+
; Start date & time ; 06/01/2020 10:48:01 ;
; Main task         ; Compilation         ;
; Revision Name     ; GreenBean           ;
+-------------------+---------------------+


+--------------------------------------------------------------------------------------------------------------------------------------------------+
; Flow Non-Default Global Settings                                                                                                                 ;
+-------------------------------------+----------------------------------------------------------------+---------------+--------------+------------+
; Assignment Name                     ; Value                                                          ; Default Value ; Entity Name  ; Section Id ;
+-------------------------------------+----------------------------------------------------------------+---------------+--------------+------------+
; COMPILER_SIGNATURE_ID               ; 1097129152252.159100128111704                                  ; --            ; --           ; --         ;
; MAX_CORE_JUNCTION_TEMP              ; 85                                                             ; --            ; --           ; --         ;
; MIN_CORE_JUNCTION_TEMP              ; 0                                                              ; --            ; --           ; --         ;
; MISC_FILE                           ; GreenBeanCPU/synthesis/../GreenBeanCPU.cmp                     ; --            ; --           ; --         ;
; MISC_FILE                           ; GreenBeanCPU/synthesis/../../GreenBeanCPU.qsys                 ; --            ; --           ; --         ;
; NOMINAL_CORE_SUPPLY_VOLTAGE         ; 1.2V                                                           ; --            ; --           ; --         ;
; PARTITION_COLOR                     ; -- (Not supported for targeted family)                         ; --            ; --           ; Top        ;
; PARTITION_COLOR                     ; -- (Not supported for targeted family)                         ; --            ; SDCard_VGA   ; Top        ;
; PARTITION_COLOR                     ; -- (Not supported for targeted family)                         ; --            ; fakka        ; Top        ;
; PARTITION_FITTER_PRESERVATION_LEVEL ; -- (Not supported for targeted family)                         ; --            ; --           ; Top        ;
; PARTITION_FITTER_PRESERVATION_LEVEL ; -- (Not supported for targeted family)                         ; --            ; SDCard_VGA   ; Top        ;
; PARTITION_FITTER_PRESERVATION_LEVEL ; -- (Not supported for targeted family)                         ; --            ; fakka        ; Top        ;
; PARTITION_NETLIST_TYPE              ; -- (Not supported for targeted family)                         ; --            ; --           ; Top        ;
; PARTITION_NETLIST_TYPE              ; -- (Not supported for targeted family)                         ; --            ; SDCard_VGA   ; Top        ;
; PARTITION_NETLIST_TYPE              ; -- (Not supported for targeted family)                         ; --            ; fakka        ; Top        ;
; POWER_BOARD_THERMAL_MODEL           ; None (CONSERVATIVE)                                            ; --            ; --           ; --         ;
; POWER_PRESET_COOLING_SOLUTION       ; 23 MM HEAT SINK WITH 200 LFPM AIRFLOW                          ; --            ; --           ; --         ;
; PROJECT_OUTPUT_DIRECTORY            ; output_files                                                   ; --            ; --           ; --         ;
; SLD_FILE                            ; GreenBeanCPU/synthesis/GreenBeanCPU.regmap                     ; --            ; --           ; --         ;
; SLD_FILE                            ; GreenBeanCPU/synthesis/GreenBeanCPU.debuginfo                  ; --            ; --           ; --         ;
; SLD_INFO                            ; QSYS_NAME GreenBeanCPU HAS_SOPCINFO 1 GENERATION_ID 1590996619 ; --            ; GreenBeanCPU ; --         ;
; SOPCINFO_FILE                       ; GreenBeanCPU/synthesis/../../GreenBeanCPU.sopcinfo             ; --            ; --           ; --         ;
; SYNTHESIS_ONLY_QIP                  ; On                                                             ; --            ; --           ; --         ;
+-------------------------------------+----------------------------------------------------------------+---------------+--------------+------------+


+-------------------------------------------------------------------------------------------------------------------------------+
; Flow Elapsed Time                                                                                                             ;
+---------------------------+--------------+-------------------------+---------------------+------------------------------------+
; Module Name               ; Elapsed Time ; Average Processors Used ; Peak Virtual Memory ; Total CPU Time (on all processors) ;
+---------------------------+--------------+-------------------------+---------------------+------------------------------------+
; Analysis & Synthesis      ; 00:02:05     ; 1.0                     ; 5324 MB             ; 00:02:18                           ;
; Fitter                    ; 00:01:18     ; 1.1                     ; 6011 MB             ; 00:02:02                           ;
; Assembler                 ; 00:00:07     ; 1.0                     ; 4759 MB             ; 00:00:06                           ;
; TimeQuest Timing Analyzer ; 00:00:10     ; 1.3                     ; 5021 MB             ; 00:00:11                           ;
; Total                     ; 00:03:40     ; --                      ; --                  ; 00:04:37                           ;
+---------------------------+--------------+-------------------------+---------------------+------------------------------------+


+-----------------------------------------------------------------------------------------+
; Flow OS Summary                                                                         ;
+---------------------------+------------------+------------+------------+----------------+
; Module Name               ; Machine Hostname ; OS Name    ; OS Version ; Processor type ;
+---------------------------+------------------+------------+------------+----------------+
; Analysis & Synthesis      ; DESKTOP-OAJEQQ3  ; Windows 10 ; 10.0       ; x86_64         ;
; Fitter                    ; DESKTOP-OAJEQQ3  ; Windows 10 ; 10.0       ; x86_64         ;
; Assembler                 ; DESKTOP-OAJEQQ3  ; Windows 10 ; 10.0       ; x86_64         ;
; TimeQuest Timing Analyzer ; DESKTOP-OAJEQQ3  ; Windows 10 ; 10.0       ; x86_64         ;
+---------------------------+------------------+------------+------------+----------------+


------------
; Flow Log ;
------------
quartus_map --read_settings_files=on --write_settings_files=off GreenBean -c GreenBean
quartus_fit --read_settings_files=off --write_settings_files=off GreenBean -c GreenBean
quartus_asm --read_settings_files=off --write_settings_files=off GreenBean -c GreenBean
quartus_sta GreenBean -c GreenBean



