EDA Netlist Writer report for GreenBean
Wed May 20 10:04:20 2020
Quartus Prime Version 16.1.2 Build 203 01/18/2017 SJ Lite Edition


---------------------
; Table of Contents ;
---------------------
  1. Legal Notice
  2. EDA Netlist Writer Summary
  3. EDA Netlist Writer Messages



----------------
; Legal Notice ;
----------------
Copyright (C) 2017  Intel Corporation. All rights reserved.
Your use of Intel Corporation's design tools, logic functions 
and other software and tools, and its AMPP partner logic 
functions, and any output files from any of the foregoing 
(including device programming or simulation files), and any 
associated documentation or information are expressly subject 
to the terms and conditions of the Intel Program License 
Subscription Agreement, the Intel Quartus Prime License Agreement,
the Intel MegaCore Function License Agreement, or other 
applicable license agreement, including, without limitation, 
that your use is for the sole purpose of programming logic 
devices manufactured by Intel and sold by Intel or its 
authorized distributors.  Please refer to the applicable 
agreement for further details.



+---------------------------------------------------------------+
; EDA Netlist Writer Summary                                    ;
+---------------------------+-----------------------------------+
; EDA Netlist Writer Status ; Failed - Wed May 20 10:04:20 2020 ;
; Revision Name             ; GreenBean                         ;
; Top-level Entity Name     ; uartModule                        ;
; Family                    ; Cyclone IV E                      ;
+---------------------------+-----------------------------------+


+-----------------------------+
; EDA Netlist Writer Messages ;
+-----------------------------+
Info: *******************************************************************
Info: Running Quartus Prime EDA Netlist Writer
    Info: Version 16.1.2 Build 203 01/18/2017 SJ Lite Edition
    Info: Copyright (C) 2017  Intel Corporation. All rights reserved.
    Info: Your use of Intel Corporation's design tools, logic functions 
    Info: and other software and tools, and its AMPP partner logic 
    Info: functions, and any output files from any of the foregoing 
    Info: (including device programming or simulation files), and any 
    Info: associated documentation or information are expressly subject 
    Info: to the terms and conditions of the Intel Program License 
    Info: Subscription Agreement, the Intel Quartus Prime License Agreement,
    Info: the Intel MegaCore Function License Agreement, or other 
    Info: applicable license agreement, including, without limitation, 
    Info: that your use is for the sole purpose of programming logic 
    Info: devices manufactured by Intel and sold by Intel or its 
    Info: authorized distributors.  Please refer to the applicable 
    Info: agreement for further details.
    Info: Processing started: Wed May 20 10:04:19 2020
Info: Command: quartus_eda --gen_testbench --tool=modelsim_oem --format=verilog --write_settings_files=off GreenBean -c GreenBean --vector_source=C:/Users/jacco/Desktop/GreenBeanCPUV3/output_files/Waveform.vwf --testbench_file=C:/Users/jacco/Desktop/GreenBeanCPUV3/simulation/qsim/output_files/Waveform.vwf.vt
Warning (20013): Ignored 19 assignments for entity "GreenBeanCPU" -- entity does not exist in design
Warning (20013): Ignored 82 assignments for entity "GreenBeanCPU_ALT_PLL" -- entity does not exist in design
Warning (20013): Ignored 23 assignments for entity "GreenBeanCPU_Barcode_UART" -- entity does not exist in design
Warning (20013): Ignored 26 assignments for entity "GreenBeanCPU_Interval_Timer" -- entity does not exist in design
Warning (20013): Ignored 24 assignments for entity "GreenBeanCPU_JTAG_UART" -- entity does not exist in design
Warning (20013): Ignored 172 assignments for entity "GreenBeanCPU_NIOS_II" -- entity does not exist in design
Warning (20013): Ignored 179 assignments for entity "GreenBeanCPU_NIOS_II_cpu" -- entity does not exist in design
Warning (20013): Ignored 22 assignments for entity "GreenBeanCPU_PWM_Signal" -- entity does not exist in design
Warning (20013): Ignored 14 assignments for entity "GreenBeanCPU_irq_mapper" -- entity does not exist in design
Warning (20013): Ignored 12 assignments for entity "GreenBeanCPU_mm_interconnect_0" -- entity does not exist in design
Warning (20013): Ignored 32 assignments for entity "GreenBeanCPU_mm_interconnect_0_avalon_st_adapter" -- entity does not exist in design
Warning (20013): Ignored 32 assignments for entity "GreenBeanCPU_mm_interconnect_0_avalon_st_adapter_001" -- entity does not exist in design
Warning (20013): Ignored 19 assignments for entity "GreenBeanCPU_mm_interconnect_0_avalon_st_adapter_001_error_adapter_0" -- entity does not exist in design
Warning (20013): Ignored 32 assignments for entity "GreenBeanCPU_mm_interconnect_0_avalon_st_adapter_002" -- entity does not exist in design
Warning (20013): Ignored 19 assignments for entity "GreenBeanCPU_mm_interconnect_0_avalon_st_adapter_002_error_adapter_0" -- entity does not exist in design
Warning (20013): Ignored 19 assignments for entity "GreenBeanCPU_mm_interconnect_0_avalon_st_adapter_error_adapter_0" -- entity does not exist in design
Warning (20013): Ignored 17 assignments for entity "GreenBeanCPU_mm_interconnect_0_cmd_demux" -- entity does not exist in design
Warning (20013): Ignored 17 assignments for entity "GreenBeanCPU_mm_interconnect_0_cmd_demux_001" -- entity does not exist in design
Warning (20013): Ignored 17 assignments for entity "GreenBeanCPU_mm_interconnect_0_cmd_demux_002" -- entity does not exist in design
Warning (20013): Ignored 19 assignments for entity "GreenBeanCPU_mm_interconnect_0_cmd_mux" -- entity does not exist in design
Warning (20013): Ignored 19 assignments for entity "GreenBeanCPU_mm_interconnect_0_cmd_mux_001" -- entity does not exist in design
Warning (20013): Ignored 36 assignments for entity "GreenBeanCPU_mm_interconnect_0_router" -- entity does not exist in design
Warning (20013): Ignored 36 assignments for entity "GreenBeanCPU_mm_interconnect_0_router_001" -- entity does not exist in design
Warning (20013): Ignored 36 assignments for entity "GreenBeanCPU_mm_interconnect_0_router_002" -- entity does not exist in design
Warning (20013): Ignored 36 assignments for entity "GreenBeanCPU_mm_interconnect_0_router_003" -- entity does not exist in design
Warning (20013): Ignored 36 assignments for entity "GreenBeanCPU_mm_interconnect_0_router_004" -- entity does not exist in design
Warning (20013): Ignored 36 assignments for entity "GreenBeanCPU_mm_interconnect_0_router_005" -- entity does not exist in design
Warning (20013): Ignored 36 assignments for entity "GreenBeanCPU_mm_interconnect_0_router_010" -- entity does not exist in design
Warning (20013): Ignored 17 assignments for entity "GreenBeanCPU_mm_interconnect_0_rsp_demux" -- entity does not exist in design
Warning (20013): Ignored 19 assignments for entity "GreenBeanCPU_mm_interconnect_0_rsp_mux" -- entity does not exist in design
Warning (20013): Ignored 19 assignments for entity "GreenBeanCPU_mm_interconnect_0_rsp_mux_001" -- entity does not exist in design
Warning (20013): Ignored 19 assignments for entity "GreenBeanCPU_mm_interconnect_0_rsp_mux_002" -- entity does not exist in design
Warning (20013): Ignored 34 assignments for entity "GreenBeanCPU_sdram" -- entity does not exist in design
Warning (20013): Ignored 10 assignments for entity "GreenBeanCPU_sysid" -- entity does not exist in design
Warning (20013): Ignored 24 assignments for entity "SDCard_VGA" -- entity does not exist in design
    Warning (20014): Assignment for entity set_instance_assignment -name PARTITION_HIERARCHY root_partition -to | -entity SDCard_VGA -section_id Top was ignored
    Warning (20014): Assignment for entity set_global_assignment -name PARTITION_NETLIST_TYPE SOURCE -entity SDCard_VGA -section_id Top was ignored
    Warning (20014): Assignment for entity set_global_assignment -name PARTITION_FITTER_PRESERVATION_LEVEL PLACEMENT_AND_ROUTING -entity SDCard_VGA -section_id Top was ignored
    Warning (20014): Assignment for entity set_global_assignment -name PARTITION_PRESERVE_HIGH_SPEED_TILES ON -entity SDCard_VGA -section_id Top was ignored
    Warning (20014): Assignment for entity set_global_assignment -name PARTITION_IGNORE_SOURCE_FILE_CHANGES OFF -entity SDCard_VGA -section_id Top was ignored
    Warning (20014): Assignment for entity set_global_assignment -name PARTITION_ALWAYS_USE_QXP_NETLIST OFF -entity SDCard_VGA -section_id Top was ignored
    Warning (20014): Assignment for entity set_global_assignment -name PARTITION_COLOR 16764057 -entity SDCard_VGA -section_id Top was ignored
    Warning (20014): Assignment for entity set_global_assignment -name PARTITION_IMPORT_ASSIGNMENTS ON -entity SDCard_VGA -section_id Top was ignored
    Warning (20014): Assignment for entity set_global_assignment -name PARTITION_IMPORT_EXISTING_ASSIGNMENTS REPLACE_CONFLICTING -entity SDCard_VGA -section_id Top was ignored
    Warning (20014): Assignment for entity set_global_assignment -name PARTITION_IMPORT_EXISTING_LOGICLOCK_REGIONS UPDATE_CONFLICTING -entity SDCard_VGA -section_id Top was ignored
    Warning (20014): Assignment for entity set_global_assignment -name PARTITION_IMPORT_PIN_ASSIGNMENTS ON -entity SDCard_VGA -section_id Top was ignored
    Warning (20014): Assignment for entity set_global_assignment -name PARTITION_IMPORT_PROMOTE_ASSIGNMENTS ON -entity SDCard_VGA -section_id Top was ignored
    Warning (20014): Assignment for entity set_global_assignment -name PARTITION_TYPE STANDARD_PARTITION -entity SDCard_VGA -section_id Top was ignored
    Warning (20014): Assignment for entity set_global_assignment -name ALLOW_MULTIPLE_PERSONAS OFF -entity SDCard_VGA -section_id Top was ignored
    Warning (20014): Assignment for entity set_global_assignment -name PARTITION_ASD_REGION_ID 1 -entity SDCard_VGA -section_id Top was ignored
    Warning (20014): Assignment for entity set_global_assignment -name CROSS_BOUNDARY_OPTIMIZATIONS OFF -entity SDCard_VGA -section_id Top was ignored
    Warning (20014): Assignment for entity set_global_assignment -name PROPAGATE_CONSTANTS_ON_INPUTS ON -entity SDCard_VGA -section_id Top was ignored
    Warning (20014): Assignment for entity set_global_assignment -name PROPAGATE_INVERSIONS_ON_INPUTS ON -entity SDCard_VGA -section_id Top was ignored
    Warning (20014): Assignment for entity set_global_assignment -name REMOVE_LOGIC_ON_UNCONNECTED_OUTPUTS ON -entity SDCard_VGA -section_id Top was ignored
    Warning (20014): Assignment for entity set_global_assignment -name MERGE_EQUIVALENT_INPUTS ON -entity SDCard_VGA -section_id Top was ignored
    Warning (20014): Assignment for entity set_global_assignment -name MERGE_EQUIVALENT_BIDIRS ON -entity SDCard_VGA -section_id Top was ignored
    Warning (20014): Assignment for entity set_global_assignment -name ABSORB_PATHS_FROM_OUTPUTS_TO_INPUTS ON -entity SDCard_VGA -section_id Top was ignored
    Warning (20014): Assignment for entity set_global_assignment -name PARTITION_EXTRACT_HARD_BLOCK_NODES ON -entity SDCard_VGA -section_id Top was ignored
    Warning (20014): Assignment for entity set_global_assignment -name PARTITION_ENABLE_STRICT_PRESERVATION OFF -entity SDCard_VGA -section_id Top was ignored
Warning (20013): Ignored 23 assignments for entity "altera_avalon_sc_fifo" -- entity does not exist in design
Warning (20013): Ignored 23 assignments for entity "altera_avalon_st_handshake_clock_crosser" -- entity does not exist in design
Warning (20013): Ignored 43 assignments for entity "altera_merlin_burst_adapter" -- entity does not exist in design
Warning (20013): Ignored 64 assignments for entity "altera_merlin_master_agent" -- entity does not exist in design
Warning (20013): Ignored 55 assignments for entity "altera_merlin_master_translator" -- entity does not exist in design
Warning (20013): Ignored 53 assignments for entity "altera_merlin_slave_agent" -- entity does not exist in design
Warning (20013): Ignored 68 assignments for entity "altera_merlin_slave_translator" -- entity does not exist in design
Warning (20013): Ignored 34 assignments for entity "altera_merlin_traffic_limiter" -- entity does not exist in design
Warning (20013): Ignored 60 assignments for entity "altera_merlin_width_adapter" -- entity does not exist in design
Warning (20013): Ignored 35 assignments for entity "altera_reset_controller" -- entity does not exist in design
Warning (20013): Ignored 24 assignments for entity "fakka" -- entity does not exist in design
    Warning (20014): Assignment for entity set_instance_assignment -name PARTITION_HIERARCHY root_partition -to | -entity fakka -section_id Top was ignored
    Warning (20014): Assignment for entity set_global_assignment -name PARTITION_NETLIST_TYPE SOURCE -entity fakka -section_id Top was ignored
    Warning (20014): Assignment for entity set_global_assignment -name PARTITION_FITTER_PRESERVATION_LEVEL PLACEMENT_AND_ROUTING -entity fakka -section_id Top was ignored
    Warning (20014): Assignment for entity set_global_assignment -name PARTITION_PRESERVE_HIGH_SPEED_TILES ON -entity fakka -section_id Top was ignored
    Warning (20014): Assignment for entity set_global_assignment -name PARTITION_IGNORE_SOURCE_FILE_CHANGES OFF -entity fakka -section_id Top was ignored
    Warning (20014): Assignment for entity set_global_assignment -name PARTITION_ALWAYS_USE_QXP_NETLIST OFF -entity fakka -section_id Top was ignored
    Warning (20014): Assignment for entity set_global_assignment -name PARTITION_COLOR 16764057 -entity fakka -section_id Top was ignored
    Warning (20014): Assignment for entity set_global_assignment -name PARTITION_IMPORT_ASSIGNMENTS ON -entity fakka -section_id Top was ignored
    Warning (20014): Assignment for entity set_global_assignment -name PARTITION_IMPORT_EXISTING_ASSIGNMENTS REPLACE_CONFLICTING -entity fakka -section_id Top was ignored
    Warning (20014): Assignment for entity set_global_assignment -name PARTITION_IMPORT_EXISTING_LOGICLOCK_REGIONS UPDATE_CONFLICTING -entity fakka -section_id Top was ignored
    Warning (20014): Assignment for entity set_global_assignment -name PARTITION_IMPORT_PIN_ASSIGNMENTS ON -entity fakka -section_id Top was ignored
    Warning (20014): Assignment for entity set_global_assignment -name PARTITION_IMPORT_PROMOTE_ASSIGNMENTS ON -entity fakka -section_id Top was ignored
    Warning (20014): Assignment for entity set_global_assignment -name PARTITION_TYPE STANDARD_PARTITION -entity fakka -section_id Top was ignored
    Warning (20014): Assignment for entity set_global_assignment -name ALLOW_MULTIPLE_PERSONAS OFF -entity fakka -section_id Top was ignored
    Warning (20014): Assignment for entity set_global_assignment -name PARTITION_ASD_REGION_ID 1 -entity fakka -section_id Top was ignored
    Warning (20014): Assignment for entity set_global_assignment -name CROSS_BOUNDARY_OPTIMIZATIONS OFF -entity fakka -section_id Top was ignored
    Warning (20014): Assignment for entity set_global_assignment -name PROPAGATE_CONSTANTS_ON_INPUTS ON -entity fakka -section_id Top was ignored
    Warning (20014): Assignment for entity set_global_assignment -name PROPAGATE_INVERSIONS_ON_INPUTS ON -entity fakka -section_id Top was ignored
    Warning (20014): Assignment for entity set_global_assignment -name REMOVE_LOGIC_ON_UNCONNECTED_OUTPUTS ON -entity fakka -section_id Top was ignored
    Warning (20014): Assignment for entity set_global_assignment -name MERGE_EQUIVALENT_INPUTS ON -entity fakka -section_id Top was ignored
    Warning (20014): Assignment for entity set_global_assignment -name MERGE_EQUIVALENT_BIDIRS ON -entity fakka -section_id Top was ignored
    Warning (20014): Assignment for entity set_global_assignment -name ABSORB_PATHS_FROM_OUTPUTS_TO_INPUTS ON -entity fakka -section_id Top was ignored
    Warning (20014): Assignment for entity set_global_assignment -name PARTITION_EXTRACT_HARD_BLOCK_NODES ON -entity fakka -section_id Top was ignored
    Warning (20014): Assignment for entity set_global_assignment -name PARTITION_ENABLE_STRICT_PRESERVATION OFF -entity fakka -section_id Top was ignored
Warning (18236): Number of processors has not been specified which may cause overloading on shared machines.  Set the global assignment NUM_PARALLEL_PROCESSORS in your QSF to an appropriate value for best performance.
Error (199013): HDL output file name "C:/Users/jacco/Desktop/GreenBeanCPUV3/simulation/qsim/output_files/Waveform.vwf.vt" used with --testbench_file option contains a non-existent directory path
Error: Quartus Prime EDA Netlist Writer was unsuccessful. 1 error, 95 warnings
    Error: Peak virtual memory: 4638 megabytes
    Error: Processing ended: Wed May 20 10:04:20 2020
    Error: Elapsed time: 00:00:01
    Error: Total CPU time (on all processors): 00:00:01


